<?xml version="1.0" encoding="utf-8"?><testsuites name="pytest tests"><testsuite name="pytest" errors="0" failures="0" skipped="0" tests="19" time="4.993" timestamp="2026-03-15T14:12:23.000796+00:00" hostname="agent-env-edb37ad9-f89e-4868-bf15-309c998e6624"><testcase classname="tests.test_kitchen_portal_apis.TestHealthEndpoints" name="test_api_health_endpoint" time="0.225" /><testcase classname="tests.test_kitchen_portal_apis.TestHealthEndpoints" name="test_root_health_endpoint_via_backend" time="0.002" /><testcase classname="tests.test_kitchen_portal_apis.TestAuthentication" name="test_login_kitchen_admin" time="0.113" /><testcase classname="tests.test_kitchen_portal_apis.TestAuthentication" name="test_login_invalid_credentials" time="0.106" /><testcase classname="tests.test_kitchen_portal_apis.TestAuthentication" name="test_login_driver" time="0.149" /><testcase classname="tests.test_kitchen_portal_apis.TestKitchenPlans" name="test_get_kitchen_plans" time="0.239" /><testcase classname="tests.test_kitchen_portal_apis.TestKitchenPlans" name="test_create_plan_with_plan_type_daily" time="0.216" /><testcase classname="tests.test_kitchen_portal_apis.TestKitchenPlans" name="test_create_plan_with_plan_type_weekly" time="0.218" /><testcase classname="tests.test_kitchen_portal_apis.TestKitchenPlans" name="test_create_plan_with_plan_type_yearly" time="0.297" /><testcase classname="tests.test_kitchen_portal_apis.TestKitchenPlans" name="test_update_plan_with_plan_type" time="0.529" /><testcase classname="tests.test_kitchen_portal_apis.TestKitchenPlans" name="test_delete_plan" time="0.478" /><testcase classname="tests.test_kitchen_portal_apis.TestPreparationList" name="test_get_preparation_list" time="0.232" /><testcase classname="tests.test_kitchen_portal_apis.TestPreparationList" name="test_preparation_list_customer_fields" time="0.239" /><testcase classname="tests.test_kitchen_portal_apis.TestPreparationList" name="test_preparation_list_roti_default_is_6" time="0.217" /><testcase classname="tests.test_kitchen_portal_apis.TestPreparationList" name="test_preparation_list_dal_calculation" time="0.238" /><testcase classname="tests.test_kitchen_portal_apis.TestDriverLocations" name="test_get_driver_locations" time="0.242" /><testcase classname="tests.test_kitchen_portal_apis.TestDriverLocations" name="test_driver_locations_unauthorized" time="0.106" /><testcase classname="tests.test_kitchen_portal_apis.TestKitchenDashboard" name="test_get_dashboard" time="0.210" /><testcase classname="tests.test_kitchen_portal_apis.TestKitchenDishes" name="test_get_dishes" time="0.858" /></testsuite></testsuites>